<?xml version="1.0" encoding="UTF-8"?>
<!-- Generated by org.testng.reporters.JUnitXMLReporter -->
<testsuite hostname="sajjad-PC" ignored="2" name="Default test" tests="1" failures="0" timestamp="16 Apr 2019 18:44:09 GMT" time="8.994" errors="0">
  <testcase name="invalidLogin" time="2.639" classname="com.hubspot.test.LoginPageTest"/>
  <testcase name="validLogin" time="0.0" classname="com.hubspot.test.LoginPageTest">
    <ignored/>
  </testcase> <!-- validLogin -->
  <testcase name="getPageTitle" time="0.0" classname="com.hubspot.test.LoginPageTest">
    <ignored/>
  </testcase> <!-- getPageTitle -->
</testsuite> <!-- Default test -->
