<?xml version="1.0" encoding="UTF-8"?>
<testng-results skipped="0" failed="0" ignored="0" total="1" passed="1">
  <reporter-output>
  </reporter-output>
  <suite name="Default suite" duration-ms="7435" started-at="2019-04-17T20:38:42Z" finished-at="2019-04-17T20:38:49Z">
    <groups>
    </groups>
    <test name="Default test" duration-ms="7435" started-at="2019-04-17T20:38:42Z" finished-at="2019-04-17T20:38:49Z">
      <class name="com.TestNGTest.SavesScreenshot">
        <test-method status="PASS" signature="setupHomePage()[pri:0, instance:com.TestNGTest.SavesScreenshot@57baeedf]" name="setupHomePage" is-config="true" duration-ms="6257" started-at="2019-04-18T02:08:42Z" finished-at="2019-04-18T02:08:48Z">
          <reporter-output>
          </reporter-output>
        </test-method> <!-- setupHomePage -->
        <test-method status="PASS" signature="ScreenShotAS()[pri:0, instance:com.TestNGTest.SavesScreenshot@57baeedf]" name="ScreenShotAS" duration-ms="1151" started-at="2019-04-18T02:08:48Z" finished-at="2019-04-18T02:08:49Z">
          <reporter-output>
          </reporter-output>
        </test-method> <!-- ScreenShotAS -->
        <test-method status="PASS" signature="tearDown()[pri:0, instance:com.TestNGTest.SavesScreenshot@57baeedf]" name="tearDown" is-config="true" duration-ms="1" started-at="2019-04-18T02:08:49Z" finished-at="2019-04-18T02:08:49Z">
          <reporter-output>
          </reporter-output>
        </test-method> <!-- tearDown -->
      </class> <!-- com.TestNGTest.SavesScreenshot -->
    </test> <!-- Default test -->
  </suite> <!-- Default suite -->
</testng-results>
